<?xml version="1.0" encoding="UTF-8"?>
<Site BuildName="(empty)"
	BuildStamp="20240712-0624-20240708-0424"
	Name="UbuntuEunseop"
	Generator="ctest-3.16.3"
	CompilerName="/usr/bin/c++"
	CompilerVersion="9.4.0"
	OSName="Linux"
	Hostname="UbuntuEunseop"
	OSRelease="5.15.0-113-generic"
	OSVersion="#123~20.04.1-Ubuntu SMP Wed Jun 12 17:33:13 UTC 2024"
	OSPlatform="x86_64"
	Is64Bits="1"
	VendorString="GenuineIntel"
	VendorID="Intel Corporation"
	FamilyID="6"
	ModelID="140"
	ProcessorCacheSize="8192"
	NumberOfLogicalCPU="8"
	NumberOfPhysicalCPU="4"
	TotalVirtualMemory="2047"
	TotalPhysicalMemory="7612"
	LogicalProcessorsPerPhysical="2"
	ProcessorClockFrequency="2593.95"
	>
	<Testing>
		<StartDateTime>Jul 12 15:24 KST</StartDateTime>
		<StartTestTime>1720765457</StartTestTime>
		<TestList/>
		<EndDateTime>Jul 12 15:24 KST</EndDateTime>
		<EndTestTime>1720765457</EndTestTime>
		<ElapsedMinutes>0</ElapsedMinutes>
	</Testing>
</Site>
